<?xml version="1.0" encoding="UTF-8"?>
<testsuite xmlns:xsi="http://www.w3.org/2001/XMLSchema-instance" xsi:noNamespaceSchemaLocation="https://maven.apache.org/surefire/maven-surefire-plugin/xsd/surefire-test-report-3.0.xsd" version="3.0" name="TestSuite" time="111.959" tests="3" errors="0" skipped="0" failures="1">
  <properties>
[...]
</properties>
  <testcase name="Launch_Application" classname="Tests.LaunchAppTest" time="2.349">
    <system-out><![CDATA[Test Started : null<br>
Application Launched
Welcome Text Verified
]]></system-out>
    <system-err><![CDATA[Nov 17, 2022 12:48:40 PM io.appium.java_client.remote.AppiumCommandExecutor$1 lambda$0
INFO: Detected dialect: W3C
]]></system-err>
  </testcase>
  <testcase name="Verify_Get_Started_page_And_SignUp_Functionality" classname="Tests.GetStartedTest" time="18.228">
    <failure message="An element could not be located on the page using the given search parameters.&#10;For documentation on this error, please visit: https://www.seleniumhq.org/exceptions/no_such_element.html&#10;Build info: version: &apos;3.141.59&apos;, revision: &apos;e82be7d358&apos;, time: &apos;2018-11-14T08:17:03&apos;&#10;System info: host: &apos;Admins-MacBook-Pro.local&apos;, ip: &apos;fe80:0:0:0:10f3:b6ba:e29b:760a%en0&apos;, os.name: &apos;Mac OS X&apos;, os.arch: &apos;x86_64&apos;, os.version: &apos;12.4&apos;, java.version: &apos;18.0.1.1&apos;&#10;Driver info: io.appium.java_client.AppiumDriver&#10;Capabilities {app: /Users/admin/Desktop/Planna..., appPackage: com.planna, automationName: UiAutomator2, databaseEnabled: false, desired: {app: /Users/admin/Desktop/Planna..., automationName: UiAutomator2, deviceName: 245d0e1d, fullReset: true, platformName: android, platformVersion: 12}, deviceApiLevel: 31, deviceManufacturer: OnePlus, deviceModel: IN2011, deviceName: 245d0e1d, deviceScreenDensity: 480, deviceScreenSize: 1080x2400, deviceUDID: 245d0e1d, fullReset: true, javascriptEnabled: true, locationContextEnabled: false, networkConnectionEnabled: true, pixelRatio: 3, platform: LINUX, platformName: android, platformVersion: 12, statBarHeight: 107, takesScreenshot: true, viewportRect: {height: 2186, left: 0, top: 107, width: 1080}, warnings: {}, webStorageEnabled: false}&#10;Session ID: 0ab5d909-7c67-4f19-90b5-70fe825c3f83&#10;*** Element info: {Using=xpath, value=//android.widget.TextView[@text=&apos;Create your account&apos;]}" type="org.openqa.selenium.NoSuchElementException"><![CDATA[org.openqa.selenium.NoSuchElementException: 
An element could not be located on the page using the given search parameters.
For documentation on this error, please visit: https://www.seleniumhq.org/exceptions/no_such_element.html
Build info: version: '3.141.59', revision: 'e82be7d358', time: '2018-11-14T08:17:03'
System info: host: 'Admins-MacBook-Pro.local', ip: 'fe80:0:0:0:10f3:b6ba:e29b:760a%en0', os.name: 'Mac OS X', os.arch: 'x86_64', os.version: '12.4', java.version: '18.0.1.1'
Driver info: io.appium.java_client.AppiumDriver
Capabilities {app: /Users/admin/Desktop/Planna..., appPackage: com.planna, automationName: UiAutomator2, databaseEnabled: false, desired: {app: /Users/admin/Desktop/Planna..., automationName: UiAutomator2, deviceName: 245d0e1d, fullReset: true, platformName: android, platformVersion: 12}, deviceApiLevel: 31, deviceManufacturer: OnePlus, deviceModel: IN2011, deviceName: 245d0e1d, deviceScreenDensity: 480, deviceScreenSize: 1080x2400, deviceUDID: 245d0e1d, fullReset: true, javascriptEnabled: true, locationContextEnabled: false, networkConnectionEnabled: true, pixelRatio: 3, platform: LINUX, platformName: android, platformVersion: 12, statBarHeight: 107, takesScreenshot: true, viewportRect: {height: 2186, left: 0, top: 107, width: 1080}, warnings: {}, webStorageEnabled: false}
Session ID: 0ab5d909-7c67-4f19-90b5-70fe825c3f83
*** Element info: {Using=xpath, value=//android.widget.TextView[@text='Create your account']}
	at Tests.GetStartedTest.Verify_Get_Started_page_And_SignUp_Functionality(GetStartedTest.java:19)
]]></failure>
    <system-out><![CDATA[PASS : Launch_Application<br><br>
PASSED: Launch_Application

===============================================
    Launch Application : Verify Application is launched
    Tests run: 1, Failures: 0, Skips: 0
===============================================

Test Started : null<br>
Application Launched
Welcome Text Verified
]]></system-out>
    <system-err><![CDATA[Nov 17, 2022 12:49:01 PM io.appium.java_client.remote.AppiumCommandExecutor$1 lambda$0
INFO: Detected dialect: W3C
]]></system-err>
  </testcase>
  <testcase name="Verify_Login_And_Logout_Functionality" classname="Tests.LoginTest" time="30.366">
    <system-out><![CDATA[FAILED: Verify_Get_Started_page_And_SignUp_Functionality
org.openqa.selenium.NoSuchElementException: An element could not be located on the page using the given search parameters.
For documentation on this error, please visit: https://www.seleniumhq.org/exceptions/no_such_element.html
Build info: version: '3.141.59', revision: 'e82be7d358', time: '2018-11-14T08:17:03'
System info: host: 'Admins-MacBook-Pro.local', ip: 'fe80:0:0:0:10f3:b6ba:e29b:760a%en0', os.name: 'Mac OS X', os.arch: 'x86_64', os.version: '12.4', java.version: '18.0.1.1'
Driver info: io.appium.java_client.AppiumDriver
Capabilities {app: /Users/admin/Desktop/Planna..., appPackage: com.planna, automationName: UiAutomator2, databaseEnabled: false, desired: {app: /Users/admin/Desktop/Planna..., automationName: UiAutomator2, deviceName: 245d0e1d, fullReset: true, platformName: android, platformVersion: 12}, deviceApiLevel: 31, deviceManufacturer: OnePlus, deviceModel: IN2011, deviceName: 245d0e1d, deviceScreenDensity: 480, deviceScreenSize: 1080x2400, deviceUDID: 245d0e1d, fullReset: true, javascriptEnabled: true, locationContextEnabled: false, networkConnectionEnabled: true, pixelRatio: 3, platform: LINUX, platformName: android, platformVersion: 12, statBarHeight: 107, takesScreenshot: true, viewportRect: {height: 2186, left: 0, top: 107, width: 1080}, warnings: {}, webStorageEnabled: false}
Session ID: 0ab5d909-7c67-4f19-90b5-70fe825c3f83
*** Element info: {Using=xpath, value=//android.widget.TextView[@text='Create your account']}
	at java.base/jdk.internal.reflect.DirectConstructorHandleAccessor.newInstance(DirectConstructorHandleAccessor.java:67)
	at java.base/java.lang.reflect.Constructor.newInstanceWithCaller(Constructor.java:499)
	at java.base/java.lang.reflect.Constructor.newInstance(Constructor.java:483)
	at org.openqa.selenium.remote.http.W3CHttpResponseCodec.createException(W3CHttpResponseCodec.java:187)
	at org.openqa.selenium.remote.http.W3CHttpResponseCodec.decode(W3CHttpResponseCodec.java:122)
	at org.openqa.selenium.remote.http.W3CHttpResponseCodec.decode(W3CHttpResponseCodec.java:49)
	at org.openqa.selenium.remote.HttpCommandExecutor.execute(HttpCommandExecutor.java:158)
	at io.appium.java_client.remote.AppiumCommandExecutor.execute(AppiumCommandExecutor.java:247)
	at org.openqa.selenium.remote.RemoteWebDriver.execute(RemoteWebDriver.java:552)
	at io.appium.java_client.DefaultGenericMobileDriver.execute(DefaultGenericMobileDriver.java:41)
	at io.appium.java_client.AppiumDriver.execute(AppiumDriver.java:1)
	at org.openqa.selenium.remote.RemoteWebDriver.findElement(RemoteWebDriver.java:323)
	at io.appium.java_client.DefaultGenericMobileDriver.findElement(DefaultGenericMobileDriver.java:61)
	at io.appium.java_client.AppiumDriver.findElement(AppiumDriver.java:1)
	at org.openqa.selenium.remote.RemoteWebDriver.findElementByXPath(RemoteWebDriver.java:428)
	at io.appium.java_client.DefaultGenericMobileDriver.findElementByXPath(DefaultGenericMobileDriver.java:151)
	at io.appium.java_client.AppiumDriver.findElementByXPath(AppiumDriver.java:1)
	at org.openqa.selenium.By$ByXPath.findElement(By.java:353)
	at org.openqa.selenium.remote.RemoteWebDriver.findElement(RemoteWebDriver.java:315)
	at io.appium.java_client.DefaultGenericMobileDriver.findElement(DefaultGenericMobileDriver.java:57)
	at io.appium.java_client.AppiumDriver.findElement(AppiumDriver.java:1)
	at Pages.GetStartedPage.Create_Account(GetStartedPage.java:103)
	at Tests.GetStartedTest.Verify_Get_Started_page_And_SignUp_Functionality(GetStartedTest.java:19)
	at java.base/jdk.internal.reflect.DirectMethodHandleAccessor.invoke(DirectMethodHandleAccessor.java:104)
	at java.base/java.lang.reflect.Method.invoke(Method.java:577)
	at org.testng.internal.MethodInvocationHelper.invokeMethod(MethodInvocationHelper.java:133)
	at org.testng.internal.TestInvoker.invokeMethod(TestInvoker.java:598)
	at org.testng.internal.TestInvoker.invokeTestMethod(TestInvoker.java:173)
	at org.testng.internal.MethodRunner.runInSequence(MethodRunner.java:46)
	at org.testng.internal.TestInvoker$MethodInvocationAgent.invoke(TestInvoker.java:824)
	at org.testng.internal.TestInvoker.invokeTestMethods(TestInvoker.java:146)
	at org.testng.internal.TestMethodWorker.invokeTestMethods(TestMethodWorker.java:146)
	at org.testng.internal.TestMethodWorker.run(TestMethodWorker.java:128)
	at java.base/java.util.ArrayList.forEach(ArrayList.java:1511)
	at org.testng.TestRunner.privateRun(TestRunner.java:794)
	at org.testng.TestRunner.run(TestRunner.java:596)
	at org.testng.SuiteRunner.runTest(SuiteRunner.java:377)
	at org.testng.SuiteRunner.runSequentially(SuiteRunner.java:371)
	at org.testng.SuiteRunner.privateRun(SuiteRunner.java:332)
	at org.testng.SuiteRunner.run(SuiteRunner.java:276)
	at org.testng.SuiteRunnerWorker.runSuite(SuiteRunnerWorker.java:53)
	at org.testng.SuiteRunnerWorker.run(SuiteRunnerWorker.java:96)
	at org.testng.TestNG.runSuitesSequentially(TestNG.java:1212)
	at org.testng.TestNG.runSuitesLocally(TestNG.java:1134)
	at org.testng.TestNG.runSuites(TestNG.java:1063)
	at org.testng.TestNG.run(TestNG.java:1031)
	at org.apache.maven.surefire.testng.TestNGExecutor.run(TestNGExecutor.java:284)
	at org.apache.maven.surefire.testng.TestNGXmlTestSuite.execute(TestNGXmlTestSuite.java:75)
	at org.apache.maven.surefire.testng.TestNGProvider.invoke(TestNGProvider.java:119)
	at org.apache.maven.surefire.booter.ForkedBooter.runSuitesInProcess(ForkedBooter.java:428)
	at org.apache.maven.surefire.booter.ForkedBooter.execute(ForkedBooter.java:162)
	at org.apache.maven.surefire.booter.ForkedBooter.run(ForkedBooter.java:562)
	at org.apache.maven.surefire.booter.ForkedBooter.main(ForkedBooter.java:548)


===============================================
    Create New Account : Verify Sign Up Functionality
    Tests run: 1, Failures: 1, Skips: 0
===============================================

Test Started : null<br>
Application Launched
Welcome Text Verified
Clicked On Login Button
Clicked On Continue with username Button
Entered UserName :- oyhktoy
Entered UserName :- Test@123
Clicked On Sign In Button
Clicked On Skip Button
Clicked On Account Menu Button
Clicked On Logout Button
Back to Welcome Screen
]]></system-out>
    <system-err><![CDATA[Nov 17, 2022 12:49:19 PM org.openqa.selenium.remote.Augmenter extractRemoteWebDriver
WARNING: Augmenter should be applied to the instances of @Augmentable classes or previously augmented instances only (instance class was: class io.appium.java_client.AppiumDriver)
Nov 17, 2022 12:49:41 PM io.appium.java_client.remote.AppiumCommandExecutor$1 lambda$0
INFO: Detected dialect: W3C
]]></system-err>
  </testcase>
</testsuite>